<?xml version="1.0" encoding="UTF-8"?>
<testsuite xmlns:xsi="http://www.w3.org/2001/XMLSchema-instance" xsi:noNamespaceSchemaLocation="https://maven.apache.org/surefire/maven-surefire-plugin/xsd/surefire-test-report.xsd" name="assignmentOne.demo.AssignmentOne2022ApplicationTests" time="0.316" tests="1" errors="1" skipped="0" failures="0">
  <properties>
[...]
</properties>
  <testcase name="assignmentOne.demo.AssignmentOne2022ApplicationTests" classname="assignmentOne.demo.AssignmentOne2022ApplicationTests" time="0.314">
    <error message="Unable to find a @SpringBootConfiguration, you need to use @ContextConfiguration or @SpringBootTest(classes=...) with your test" type="java.lang.IllegalStateException">java.lang.IllegalStateException: Unable to find a @SpringBootConfiguration, you need to use @ContextConfiguration or @SpringBootTest(classes=...) with your test
</error>
    <system-out><![CDATA[13:22:25.043 [main] DEBUG org.springframework.test.context.BootstrapUtils - Instantiating CacheAwareContextLoaderDelegate from class [org.springframework.test.context.cache.DefaultCacheAwareContextLoaderDelegate]
13:22:25.061 [main] DEBUG org.springframework.test.context.BootstrapUtils - Instantiating BootstrapContext using constructor [public org.springframework.test.context.support.DefaultBootstrapContext(java.lang.Class,org.springframework.test.context.CacheAwareContextLoaderDelegate)]
13:22:25.107 [main] DEBUG org.springframework.test.context.BootstrapUtils - Instantiating TestContextBootstrapper for test class [assignmentOne.demo.AssignmentOne2022ApplicationTests] from class [org.springframework.boot.test.context.SpringBootTestContextBootstrapper]
13:22:25.142 [main] INFO org.springframework.boot.test.context.SpringBootTestContextBootstrapper - Neither @ContextConfiguration nor @ContextHierarchy found for test class [assignmentOne.demo.AssignmentOne2022ApplicationTests], using SpringBootContextLoader
13:22:25.152 [main] DEBUG org.springframework.test.context.support.AbstractContextLoader - Did not detect default resource location for test class [assignmentOne.demo.AssignmentOne2022ApplicationTests]: class path resource [assignmentOne/demo/AssignmentOne2022ApplicationTests-context.xml] does not exist
13:22:25.153 [main] DEBUG org.springframework.test.context.support.AbstractContextLoader - Did not detect default resource location for test class [assignmentOne.demo.AssignmentOne2022ApplicationTests]: class path resource [assignmentOne/demo/AssignmentOne2022ApplicationTestsContext.groovy] does not exist
13:22:25.153 [main] INFO org.springframework.test.context.support.AbstractContextLoader - Could not detect default resource locations for test class [assignmentOne.demo.AssignmentOne2022ApplicationTests]: no resource found for suffixes {-context.xml, Context.groovy}.
13:22:25.154 [main] INFO org.springframework.test.context.support.AnnotationConfigContextLoaderUtils - Could not detect default configuration classes for test class [assignmentOne.demo.AssignmentOne2022ApplicationTests]: AssignmentOne2022ApplicationTests does not declare any static, non-private, non-final, nested classes annotated with @Configuration.
13:22:25.243 [main] DEBUG org.springframework.test.context.support.ActiveProfilesUtils - Could not find an 'annotation declaring class' for annotation type [org.springframework.test.context.ActiveProfiles] and class [assignmentOne.demo.AssignmentOne2022ApplicationTests]
]]></system-out>
  </testcase>
</testsuite>